<?xml version="1.0" encoding="UTF-8"?>
<!-- Generated by org.testng.reporters.JUnitXMLReporter -->
<testsuite hostname="DESKTOP-3TMVG7F" ignored="0" name="Default test" tests="2" failures="0" timestamp="26 Jul 2018 15:05:07 GMT" time="23.492" errors="0">
  <testcase name="VerifyUiElementsAndTitle" time="0.065" classname="Test.DemoIMDBMovies.IMDBDetails"/>
  <testcase name="CaptureAndPrintMoviesData" time="23.396" classname="Test.DemoIMDBMovies.IMDBDetails"/>
</testsuite> <!-- Default test -->
