<?xml version="1.0" encoding="UTF-8"?>
<testng-results skipped="0" failed="0" ignored="0" total="2" passed="2">
  <reporter-output>
  </reporter-output>
  <suite name="Default suite" duration-ms="23492" started-at="2018-07-26T15:04:43Z" finished-at="2018-07-26T15:05:06Z">
    <groups>
    </groups>
    <test name="Default test" duration-ms="23492" started-at="2018-07-26T15:04:43Z" finished-at="2018-07-26T15:05:06Z">
      <class name="Test.DemoIMDBMovies.IMDBDetails">
        <test-method status="PASS" signature="beforeSuite()[pri:0, instance:Test.DemoIMDBMovies.IMDBDetails@71318ec4]" name="beforeSuite" is-config="true" duration-ms="11902" started-at="2018-07-26T15:04:31Z" finished-at="2018-07-26T15:04:43Z">
          <reporter-output>
          </reporter-output>
        </test-method> <!-- beforeSuite -->
        <test-method status="PASS" signature="VerifyUiElementsAndTitle()[pri:1, instance:Test.DemoIMDBMovies.IMDBDetails@71318ec4]" name="VerifyUiElementsAndTitle" duration-ms="65" started-at="2018-07-26T15:04:43Z" finished-at="2018-07-26T15:04:43Z">
          <reporter-output>
          </reporter-output>
        </test-method> <!-- VerifyUiElementsAndTitle -->
        <test-method status="PASS" signature="CaptureAndPrintMoviesData()[pri:2, instance:Test.DemoIMDBMovies.IMDBDetails@71318ec4]" name="CaptureAndPrintMoviesData" duration-ms="23396" started-at="2018-07-26T15:04:43Z" finished-at="2018-07-26T15:05:06Z">
          <reporter-output>
          </reporter-output>
        </test-method> <!-- CaptureAndPrintMoviesData -->
        <test-method status="PASS" signature="afterSuite()[pri:0, instance:Test.DemoIMDBMovies.IMDBDetails@71318ec4]" name="afterSuite" is-config="true" duration-ms="2193" started-at="2018-07-26T15:05:07Z" finished-at="2018-07-26T15:05:09Z">
          <reporter-output>
          </reporter-output>
        </test-method> <!-- afterSuite -->
      </class> <!-- Test.DemoIMDBMovies.IMDBDetails -->
    </test> <!-- Default test -->
  </suite> <!-- Default suite -->
</testng-results>
